<?xml version="1.0" encoding="UTF-8"?>
<!-- Generated by org.testng.reporters.JUnitXMLReporter -->
<testsuite ignored="0" hostname="LAPTOP-3T3LUABK" failures="0" tests="3" name="Surefire test" time="89.211" errors="0" timestamp="2021-07-26T12:13:53 IST">
  <testcase classname="testCases.Test1SearchHospitals" name="search" time="41.445"/>
  <testcase classname="testCases.Test2TopCities" name="getCityNames" time="4.877"/>
  <testcase classname="testCases.Test3CorporateWellness" name="setCorporateWellnessForm" time="25.734"/>
</testsuite> <!-- Surefire test -->
