<?xml version="1.0" encoding="UTF-8"?>
<!-- Generated by org.testng.reporters.JUnitXMLReporter -->
<testsuite ignored="0" hostname="DESKTOP-2OBHBAO" failures="0" tests="3" name="Practo" time="142.104" errors="0" timestamp="2021-07-25T22:22:23 IST">
  <testcase classname="testCases.Test1SearchHospitals" name="search" time="41.516"/>
  <testcase classname="testCases.Test2TopCities" name="getCityNames" time="11.988"/>
  <testcase classname="testCases.Test3CorporateWellness" name="setCorporateWellnessForm" time="26.88"/>
</testsuite> <!-- Practo -->
