<?xml version="1.0" encoding="UTF-8"?>
<testsuite xmlns:xsi="http://www.w3.org/2001/XMLSchema-instance" xsi:noNamespaceSchemaLocation="https://maven.apache.org/surefire/maven-surefire-plugin/xsd/surefire-test-report.xsd" name="TestSuite" time="89.614" tests="3" errors="0" skipped="0" failures="0">
  <properties>
[...]
</properties>
  <testcase name="search" classname="testCases.Test1SearchHospitals" time="41.446"/>
  <testcase name="getCityNames" classname="testCases.Test2TopCities" time="4.877"/>
  <testcase name="setCorporateWellnessForm" classname="testCases.Test3CorporateWellness" time="25.734"/>
</testsuite>