<?xml version="1.0" encoding="UTF-8"?>
<testng-results ignored="0" total="3" passed="3" failed="0" skipped="0">
  <reporter-output>
  </reporter-output>
  <suite started-at="2021-07-25T22:20:00 IST" name="Suite" finished-at="2021-07-25T22:22:22 IST" duration-ms="142104">
    <groups>
      <group name="search">
        <method signature="Test1SearchHospitals.search(java.lang.String,java.lang.String,java.lang.String)[pri:0, instance:testCases.Test1SearchHospitals@2805d709]" name="search" class="testCases.Test1SearchHospitals"/>
      </group> <!-- search -->
      <group name="cities">
        <method signature="Test2TopCities.getCityNames()[pri:2, instance:testCases.Test2TopCities@ffaa6af]" name="getCityNames" class="testCases.Test2TopCities"/>
      </group> <!-- cities -->
      <group name="corporate">
        <method signature="Test3CorporateWellness.setCorporateWellnessForm(java.lang.String,java.lang.String,java.lang.String,java.lang.String,java.lang.String,java.lang.String)[pri:1, instance:testCases.Test3CorporateWellness@53ce1329]" name="setCorporateWellnessForm" class="testCases.Test3CorporateWellness"/>
      </group> <!-- corporate -->
    </groups>
    <test started-at="2021-07-25T22:20:00 IST" name="Practo" finished-at="2021-07-25T22:22:22 IST" duration-ms="142104">
      <class name="testCases.Test1SearchHospitals">
        <test-method is-config="true" signature="createDriver()[pri:0, instance:testCases.Test1SearchHospitals@2805d709]" started-at="2021-07-25T22:20:00 IST" name="createDriver" finished-at="2021-07-25T22:20:16 IST" duration-ms="15581" status="PASS">
          <reporter-output>
          </reporter-output>
        </test-method> <!-- createDriver -->
        <test-method is-config="true" signature="homepage()[pri:0, instance:testCases.Test1SearchHospitals@2805d709]" started-at="2021-07-25T22:20:16 IST" name="homepage" finished-at="2021-07-25T22:20:18 IST" duration-ms="2283" status="PASS">
          <reporter-output>
          </reporter-output>
        </test-method> <!-- homepage -->
        <test-method signature="search(java.lang.String,java.lang.String,java.lang.String)[pri:0, instance:testCases.Test1SearchHospitals@2805d709]" started-at="2021-07-25T22:20:22 IST" name="search" data-provider="testData" finished-at="2021-07-25T22:21:04 IST" duration-ms="41516" status="PASS">
          <params>
            <param index="0">
              <value>
                <![CDATA[Bangalore]]>
              </value>
            </param>
            <param index="1">
              <value>
                <![CDATA[Hospital]]>
              </value>
            </param>
            <param index="2">
              <value>
                <![CDATA[3.5]]>
              </value>
            </param>
          </params>
          <reporter-output>
          </reporter-output>
        </test-method> <!-- search -->
        <test-method is-config="true" signature="endTest()[pri:0, instance:testCases.Test1SearchHospitals@2805d709]" started-at="2021-07-25T22:21:04 IST" name="endTest" finished-at="2021-07-25T22:21:04 IST" duration-ms="313" status="PASS">
          <reporter-output>
          </reporter-output>
        </test-method> <!-- endTest -->
        <test-method is-config="true" signature="closeDriver()[pri:0, instance:testCases.Test1SearchHospitals@2805d709]" started-at="2021-07-25T22:22:18 IST" name="closeDriver" finished-at="2021-07-25T22:22:22 IST" duration-ms="4070" status="PASS">
          <reporter-output>
          </reporter-output>
        </test-method> <!-- closeDriver -->
      </class> <!-- testCases.Test1SearchHospitals -->
      <class name="testCases.Test3CorporateWellness">
        <test-method is-config="true" signature="homepage()[pri:0, instance:testCases.Test3CorporateWellness@53ce1329]" started-at="2021-07-25T22:21:22 IST" name="homepage" finished-at="2021-07-25T22:21:24 IST" duration-ms="1674" status="PASS">
          <reporter-output>
          </reporter-output>
        </test-method> <!-- homepage -->
        <test-method is-config="true" signature="corporateWellnessPage()[pri:0, instance:testCases.Test3CorporateWellness@53ce1329]" started-at="2021-07-25T22:21:24 IST" name="corporateWellnessPage" finished-at="2021-07-25T22:21:51 IST" duration-ms="27347" status="PASS">
          <reporter-output>
          </reporter-output>
        </test-method> <!-- corporateWellnessPage -->
        <test-method signature="setCorporateWellnessForm(java.lang.String,java.lang.String,java.lang.String,java.lang.String,java.lang.String,java.lang.String)[pri:1, instance:testCases.Test3CorporateWellness@53ce1329]" started-at="2021-07-25T22:21:51 IST" name="setCorporateWellnessForm" data-provider="testData" finished-at="2021-07-25T22:22:18 IST" duration-ms="26880" status="PASS">
          <params>
            <param index="0">
              <value>
                <![CDATA[Postive]]>
              </value>
            </param>
            <param index="1">
              <value>
                <![CDATA[Saanvi Ray]]>
              </value>
            </param>
            <param index="2">
              <value>
                <![CDATA[CTS]]>
              </value>
            </param>
            <param index="3">
              <value>
                <![CDATA[cts@gmail]]>
              </value>
            </param>
            <param index="4">
              <value>
                <![CDATA[6532489720]]>
              </value>
            </param>
            <param index="5">
              <value>
                <![CDATA[Please enter valid email address]]>
              </value>
            </param>
          </params>
          <reporter-output>
          </reporter-output>
        </test-method> <!-- setCorporateWellnessForm -->
        <test-method is-config="true" signature="endTest()[pri:0, instance:testCases.Test3CorporateWellness@53ce1329]" started-at="2021-07-25T22:22:18 IST" name="endTest" finished-at="2021-07-25T22:22:18 IST" duration-ms="124" status="PASS">
          <reporter-output>
          </reporter-output>
        </test-method> <!-- endTest -->
      </class> <!-- testCases.Test3CorporateWellness -->
      <class name="testCases.Test2TopCities">
        <test-method is-config="true" signature="homepage()[pri:0, instance:testCases.Test2TopCities@ffaa6af]" started-at="2021-07-25T22:21:04 IST" name="homepage" finished-at="2021-07-25T22:21:10 IST" duration-ms="6098" status="PASS">
          <reporter-output>
          </reporter-output>
        </test-method> <!-- homepage -->
        <test-method signature="getCityNames()[pri:2, instance:testCases.Test2TopCities@ffaa6af]" started-at="2021-07-25T22:21:10 IST" name="getCityNames" finished-at="2021-07-25T22:21:22 IST" duration-ms="11988" status="PASS">
          <reporter-output>
          </reporter-output>
        </test-method> <!-- getCityNames -->
        <test-method is-config="true" signature="endTest()[pri:0, instance:testCases.Test2TopCities@ffaa6af]" started-at="2021-07-25T22:21:22 IST" name="endTest" finished-at="2021-07-25T22:21:22 IST" duration-ms="83" status="PASS">
          <reporter-output>
          </reporter-output>
        </test-method> <!-- endTest -->
      </class> <!-- testCases.Test2TopCities -->
    </test> <!-- Practo -->
  </suite> <!-- Suite -->
</testng-results>
